<?xml version="1.0" encoding="UTF-8"?>
<!-- Generated by org.testng.reporters.JUnitXMLReporter -->
<testsuite ignored="0" hostname="AslamBasha" failures="0" tests="3" name="Default test" time="5.524" errors="0" timestamp="2023-12-19T09:05:41 IST">
  <testcase classname="TestScripts.CountryTranslationTest" name="testCountryTranslation" time="2.74"/>
  <testcase classname="TestScripts.CountryTranslationTest" name="testCountryTranslation" time="0.951"/>
  <testcase classname="TestScripts.CountryTranslationTest" name="testCountryTranslation" time="1.2"/>
</testsuite> <!-- Default test -->
